<?xml version="1.0" encoding="UTF-8"?>
<!-- Generated by org.testng.reporters.JUnitReportReporter -->
<testsuite hostname="LAPTOP-6N1I0HG5" failures="0" tests="1" name="tests.ContactUsTest" time="2.449" errors="0" timestamp="02 Sep 2021 13:47:03 GMT" skipped="0">
  <testcase classname="tests.ContactUsTest" name="UserCanUseContactUs" time="2.449"/>
</testsuite> <!-- tests.ContactUsTest -->
