<?xml version="1.0" encoding="UTF-8"?>
<!-- Generated by org.testng.reporters.JUnitReportReporter -->
<testsuite hostname="LAPTOP-6N1I0HG5" failures="0" tests="3" name="tests.UserRegistrationTestWithJavaFaker" time="8.001" errors="0" timestamp="2021-09-09T17:23:59 CEST" skipped="0">
  <testcase classname="tests.UserRegistrationTestWithJavaFaker" name="RegisteredUserCanLogin" time="2.085"/>
  <system-out/>
  <testcase classname="tests.UserRegistrationTestWithJavaFaker" name="RegisteredUserCanLogout" time="2.248"/>
  <system-out/>
  <testcase classname="tests.UserRegistrationTestWithJavaFaker" name="UserCanRegisterSuccssfully" time="3.668"/>
  <system-out/>
</testsuite> <!-- tests.UserRegistrationTestWithJavaFaker -->
