<?xml version="1.0" encoding="UTF-8"?>
<!-- Generated by org.testng.reporters.JUnitReportReporter -->
<testsuite hostname="LAPTOP-6N1I0HG5" failures="0" tests="1" name="tests.UserRegistrationTestWithDDTAndJSON" time="8.374" errors="0" timestamp="02 Sep 2021 15:23:49 GMT" skipped="0">
  <testcase classname="tests.UserRegistrationTestWithDDTAndJSON" name="UserCanRegisterSuccssfully" time="8.374"/>
</testsuite> <!-- tests.UserRegistrationTestWithDDTAndJSON -->
