<?xml version="1.0" encoding="UTF-8"?>
<!-- Generated by org.testng.reporters.JUnitReportReporter -->
<testsuite hostname="LAPTOP-6N1I0HG5" failures="0" tests="1" name="tests.SearchProductUsingAutoSuggestTest" time="8.350" errors="0" timestamp="02 Sep 2021 13:44:27 GMT" skipped="0">
  <testcase classname="tests.SearchProductUsingAutoSuggestTest" name="UserCanSearchWithAutoSuggest" time="8.350"/>
</testsuite> <!-- tests.SearchProductUsingAutoSuggestTest -->
