<?xml version="1.0" encoding="UTF-8"?>
<!-- Generated by org.testng.reporters.JUnitReportReporter -->
<testsuite hostname="LAPTOP-6N1I0HG5" failures="0" tests="1" name="tests.UserRegistrationTestWithDDTAndCSV" time="13.605" errors="0" timestamp="02 Sep 2021 15:24:38 GMT" skipped="0">
  <testcase classname="tests.UserRegistrationTestWithDDTAndCSV" name="UserCanRegisterSuccssfully" time="13.605"/>
</testsuite> <!-- tests.UserRegistrationTestWithDDTAndCSV -->
