<?xml version="1.0" encoding="UTF-8"?>
<!-- Generated by org.testng.reporters.JUnitReportReporter -->
<testsuite hostname="LAPTOP-6N1I0HG5" failures="0" tests="3" name="tests.UserRegistrationWithDDTAndPropertiesFile" time="8.145" errors="0" timestamp="02 Sep 2021 15:22:35 GMT" skipped="0">
  <testcase classname="tests.UserRegistrationWithDDTAndPropertiesFile" name="RegisteredUserCanLogout" time="2.139"/>
  <testcase classname="tests.UserRegistrationWithDDTAndPropertiesFile" name="RegisteredUserCanLogin" time="2.683"/>
  <testcase classname="tests.UserRegistrationWithDDTAndPropertiesFile" name="UserCanRegisterSuccssfully" time="3.323"/>
</testsuite> <!-- tests.UserRegistrationWithDDTAndPropertiesFile -->
