<?xml version="1.0" encoding="UTF-8"?>
<!-- Generated by org.testng.reporters.JUnitReportReporter -->
<testsuite hostname="LAPTOP-6N1I0HG5" failures="0" tests="3" name="tests.UserRegistrationTestWithDDTAndExcel" time="16.183" errors="0" timestamp="02 Sep 2021 15:24:15 GMT" skipped="0">
  <testcase classname="tests.UserRegistrationTestWithDDTAndExcel" name="UserCanRegisterSuccssfully" time="4.595"/>
  <testcase classname="tests.UserRegistrationTestWithDDTAndExcel" name="UserCanRegisterSuccssfully" time="5.683"/>
  <testcase classname="tests.UserRegistrationTestWithDDTAndExcel" name="UserCanRegisterSuccssfully" time="5.905"/>
</testsuite> <!-- tests.UserRegistrationTestWithDDTAndExcel -->
